<?xml version="1.0" encoding="UTF-8"?>
<!-- Generated by org.testng.reporters.JUnitReportReporter -->
<testsuite hostname="Akshay" failures="0" tests="1" name="Testcases.TC01_ClickOnAmazonSignInButton" time="6.366" errors="0" timestamp="2025-07-19T21:23:24 IST" skipped="0">
  <testcase classname="Testcases.TC01_ClickOnAmazonSignInButton" name="VerifyClickOnAmazonSignInButton" time="6.366"/>
</testsuite> <!-- Testcases.TC01_ClickOnAmazonSignInButton -->
