<?xml version="1.0" encoding="UTF-8"?>
<!-- Generated by org.testng.reporters.JUnitReportReporter -->
<testsuite hostname="Akshay" failures="0" tests="1" name="Testcases.TC06_Verify_Autosuggestions_InSearchBar" time="3.770" errors="0" timestamp="2025-07-05T09:21:41 IST" skipped="0">
  <testcase classname="Testcases.TC06_Verify_Autosuggestions_InSearchBar" name="Validate_Autosuggestion_for_Items" time="3.770"/>
</testsuite> <!-- Testcases.TC06_Verify_Autosuggestions_InSearchBar -->
