<?xml version="1.0" encoding="UTF-8"?>
<!-- Generated by org.testng.reporters.JUnitReportReporter -->
<testsuite hostname="Akshay" failures="0" tests="1" name="Testcases.Base_Class" time="16.666" errors="0" timestamp="2024-12-30T15:16:13 IST" skipped="0">
  <testcase classname="Testcases.Base_Class" name="SetUpBrowser" time="16.666"/>
  <system-out/>
</testsuite> <!-- Testcases.Base_Class -->
