<?xml version="1.0" encoding="UTF-8"?>
<!-- Generated by org.testng.reporters.JUnitReportReporter -->
<testsuite hostname="Akshay" failures="0" tests="1" name="Base.Base_Class" time="9.407" errors="0" timestamp="2024-12-30T16:19:24 IST" skipped="0">
  <testcase classname="Base.Base_Class" name="SetUpBrowser" time="9.407"/>
  <system-out/>
</testsuite> <!-- Base.Base_Class -->
